Pig Stack Trace
---------------
ERROR 1031: Incompatable field schema: declared is "genes:bag{:tuple()}", infered is ":chararray"

org.apache.pig.impl.logicalLayer.FrontendException: ERROR 1000: Error during parsing. Incompatable field schema: declared is "genes:bag{:tuple()}", infered is ":chararray"
	at org.apache.pig.PigServer$Graph.parseQuery(PigServer.java:1748)
	at org.apache.pig.PigServer$Graph.access$000(PigServer.java:1443)
	at org.apache.pig.PigServer.parseAndBuild(PigServer.java:387)
	at org.apache.pig.PigServer.executeBatch(PigServer.java:412)
	at org.apache.pig.PigServer.executeBatch(PigServer.java:398)
	at org.apache.pig.tools.grunt.GruntParser.executeBatch(GruntParser.java:171)
	at org.apache.pig.tools.grunt.GruntParser.processDump(GruntParser.java:741)
	at org.apache.pig.tools.pigscript.parser.PigScriptParser.parse(PigScriptParser.java:372)
	at org.apache.pig.tools.grunt.GruntParser.parseStopOnError(GruntParser.java:230)
	at org.apache.pig.tools.grunt.GruntParser.parseStopOnError(GruntParser.java:205)
	at org.apache.pig.tools.grunt.Grunt.exec(Grunt.java:81)
	at org.apache.pig.Main.run(Main.java:624)
	at org.apache.pig.Main.main(Main.java:170)
	at sun.reflect.NativeMethodAccessorImpl.invoke0(Native Method)
	at sun.reflect.NativeMethodAccessorImpl.invoke(NativeMethodAccessorImpl.java:57)
	at sun.reflect.DelegatingMethodAccessorImpl.invoke(DelegatingMethodAccessorImpl.java:43)
	at java.lang.reflect.Method.invoke(Method.java:606)
	at org.apache.hadoop.util.RunJar.run(RunJar.java:221)
	at org.apache.hadoop.util.RunJar.main(RunJar.java:136)
Caused by: Failed to parse: Pig script failed to parse: 
<file Part2.pig, line 4, column 14> pig script failed to validate: org.apache.pig.impl.logicalLayer.FrontendException: ERROR 1031: Incompatable field schema: declared is "genes:bag{:tuple()}", infered is ":chararray"
	at org.apache.pig.parser.QueryParserDriver.parse(QueryParserDriver.java:199)
	at org.apache.pig.PigServer$Graph.parseQuery(PigServer.java:1735)
	... 18 more
Caused by: 
<file Part2.pig, line 4, column 14> pig script failed to validate: org.apache.pig.impl.logicalLayer.FrontendException: ERROR 1031: Incompatable field schema: declared is "genes:bag{:tuple()}", infered is ":chararray"
	at org.apache.pig.parser.LogicalPlanBuilder.buildForeachOp(LogicalPlanBuilder.java:1057)
	at org.apache.pig.parser.LogicalPlanGenerator.foreach_clause(LogicalPlanGenerator.java:15865)
	at org.apache.pig.parser.LogicalPlanGenerator.op_clause(LogicalPlanGenerator.java:1933)
	at org.apache.pig.parser.LogicalPlanGenerator.general_statement(LogicalPlanGenerator.java:1102)
	at org.apache.pig.parser.LogicalPlanGenerator.statement(LogicalPlanGenerator.java:560)
	at org.apache.pig.parser.LogicalPlanGenerator.query(LogicalPlanGenerator.java:421)
	at org.apache.pig.parser.QueryParserDriver.parse(QueryParserDriver.java:191)
	... 19 more
Caused by: org.apache.pig.impl.logicalLayer.FrontendException: ERROR 1031: Incompatable field schema: declared is "genes:bag{:tuple()}", infered is ":chararray"
	at org.apache.pig.newplan.logical.relational.LogicalSchema$LogicalFieldSchema.merge(LogicalSchema.java:374)
	at org.apache.pig.newplan.logical.relational.LogicalSchema.merge(LogicalSchema.java:768)
	at org.apache.pig.newplan.logical.relational.LOGenerate.getSchema(LOGenerate.java:158)
	at org.apache.pig.newplan.logical.optimizer.SchemaResetter.visit(SchemaResetter.java:123)
	at org.apache.pig.newplan.logical.relational.LOGenerate.accept(LOGenerate.java:245)
	at org.apache.pig.newplan.DependencyOrderWalker.walk(DependencyOrderWalker.java:75)
	at org.apache.pig.newplan.logical.optimizer.SchemaResetter.visit(SchemaResetter.java:114)
	at org.apache.pig.parser.LogicalPlanBuilder.buildForeachOp(LogicalPlanBuilder.java:1055)
	... 25 more
================================================================================
