Pig Stack Trace
---------------
ERROR 1003: Unable to find an operator for alias geneGroups

org.apache.pig.impl.logicalLayer.FrontendException: ERROR 1003: Unable to find an operator for alias geneGroups
	at org.apache.pig.PigServer$Graph.buildPlan(PigServer.java:1544)
	at org.apache.pig.PigServer.storeEx(PigServer.java:1029)
	at org.apache.pig.PigServer.store(PigServer.java:997)
	at org.apache.pig.PigServer.openIterator(PigServer.java:910)
	at org.apache.pig.tools.grunt.GruntParser.processDump(GruntParser.java:746)
	at org.apache.pig.tools.pigscript.parser.PigScriptParser.parse(PigScriptParser.java:372)
	at org.apache.pig.tools.grunt.GruntParser.parseStopOnError(GruntParser.java:230)
	at org.apache.pig.tools.grunt.GruntParser.parseStopOnError(GruntParser.java:205)
	at org.apache.pig.tools.grunt.Grunt.exec(Grunt.java:81)
	at org.apache.pig.Main.run(Main.java:624)
	at org.apache.pig.Main.main(Main.java:170)
	at sun.reflect.NativeMethodAccessorImpl.invoke0(Native Method)
	at sun.reflect.NativeMethodAccessorImpl.invoke(NativeMethodAccessorImpl.java:57)
	at sun.reflect.DelegatingMethodAccessorImpl.invoke(DelegatingMethodAccessorImpl.java:43)
	at java.lang.reflect.Method.invoke(Method.java:606)
	at org.apache.hadoop.util.RunJar.run(RunJar.java:221)
	at org.apache.hadoop.util.RunJar.main(RunJar.java:136)
================================================================================
